{
  "0 debug pnpm:scope": {
    "selected": 1
  },
  "1 info pnpm": {
    "err": {
      "name": "Error",
      "message": "not found: create-tauri-app",
      "code": "ENOENT",
      "stack": "Error: not found: create-tauri-app\n    at getNotFoundError (/home/adamaugustinsky/.node/corepack/pnpm/7.0.0/dist/pnpm.cjs:41518:51)\n    at Function.whichSync [as sync] (/home/adamaugustinsky/.node/corepack/pnpm/7.0.0/dist/pnpm.cjs:41595:13)\n    at getCommandAbsolutePathSync (/home/adamaugustinsky/.node/corepack/pnpm/7.0.0/dist/pnpm.cjs:43160:44)\n    at default_1 (/home/adamaugustinsky/.node/corepack/pnpm/7.0.0/dist/pnpm.cjs:43169:32)\n    at /home/adamaugustinsky/.node/corepack/pnpm/7.0.0/dist/pnpm.cjs:171190:39"
    }
  },
  "2 error pnpm": {
    "code": "ERR_PNPM_RECURSIVE_EXEC_FIRST_FAIL",
    "prefix": "/home/adamaugustinsky/Documents/ModdedLauncher",
    "err": {
      "name": "pnpm",
      "message": "not found: create-tauri-app",
      "code": "ERR_PNPM_RECURSIVE_EXEC_FIRST_FAIL",
      "stack": "Error: not found: create-tauri-app\n    at getNotFoundError (/home/adamaugustinsky/.node/corepack/pnpm/7.0.0/dist/pnpm.cjs:41518:51)\n    at Function.whichSync [as sync] (/home/adamaugustinsky/.node/corepack/pnpm/7.0.0/dist/pnpm.cjs:41595:13)\n    at getCommandAbsolutePathSync (/home/adamaugustinsky/.node/corepack/pnpm/7.0.0/dist/pnpm.cjs:43160:44)\n    at default_1 (/home/adamaugustinsky/.node/corepack/pnpm/7.0.0/dist/pnpm.cjs:43169:32)\n    at /home/adamaugustinsky/.node/corepack/pnpm/7.0.0/dist/pnpm.cjs:171190:39"
    }
  }
}